<?xml version="1.0" encoding="UTF-8"?>
<!-- Generated by org.testng.reporters.JUnitReportReporter -->
<testsuite hostname="IN-PG02P65W" failures="0" tests="2" name="TestCase1" time="0.020" errors="0" timestamp="2023-03-01T16:35:14 IST" skipped="0">
  <testcase classname="TestCase1" name="Testcase1" time="0.015"/>
  <system-out/>
  <testcase classname="TestCase1" name="Testcase2" time="0.005"/>
  <system-out/>
</testsuite> <!-- TestCase1 -->
